<?xml version="1.0" encoding="UTF-8" ?>
<testsuites>
  <testsuite errors="1" failures="0" hostname="Brads-MacBook-Pro.local" id="0" name="Filter" package="org.junit.runner.manipulation" tests="1" time="0.0040" timestamp="2014-04-16T03:08:46">
      <properties />

      <testcase classname="org.junit.runner.manipulation.Filter" name="initializationError" time="0.0040">
          <error message="No tests found matching grails test target pattern filter from org.junit.runner.Request$1@19fc0d6c" type="java.lang.Exception">java.lang.Exception: No tests found matching grails test target pattern filter from org.junit.runner.Request$1@19fc0d6c
</error>

      </testcase>

      <system-out><![CDATA[--Output from initializationError--
]]></system-out>

      <system-err><![CDATA[--Output from initializationError--
]]></system-err>

  </testsuite>
</testsuites>
